<?xml version="1.0" encoding="UTF-8"?>
<!-- Generated by org.testng.reporters.JUnitXMLReporter -->
<testsuite ignored="0" hostname="DESKTOP-OFIDLPQ" failures="5" tests="6" name="smoke" time="22.852" errors="0" timestamp="2022-07-07T22:22:35 IST">
  <testcase classname="mykademy.tests.MykademyTestSuite" name="verifySignUpPage" time="4.357">
    <failure type="java.lang.NullPointerException">
      <![CDATA[java.lang.NullPointerException
at mykademy.tests.MykademyTestSuite.verifySignUpPage(MykademyTestSuite.java:44)
at java.base/java.util.ArrayList.forEach(ArrayList.java:1541)
... Removed 31 stack frames]]>
    </failure>
  </testcase> <!-- verifySignUpPage -->
  <testcase classname="mykademy.tests.MykademyTestSuite" name="verifyLoginCheck" time="3.832">
    <failure type="java.lang.NullPointerException">
      <![CDATA[java.lang.NullPointerException
at mykademy.tests.MykademyTestSuite.verifyLoginCheck(MykademyTestSuite.java:58)
at java.base/java.util.ArrayList.forEach(ArrayList.java:1541)
... Removed 31 stack frames]]>
    </failure>
  </testcase> <!-- verifyLoginCheck -->
  <testcase classname="mykademy.tests.MykademyTestSuite" name="moveToLearnerModule" time="2.739"/>
  <testcase classname="mykademy.tests.MykademyTestSuite" name="verifyLearnerAdd" time="1.698">
    <failure type="java.lang.NullPointerException">
      <![CDATA[java.lang.NullPointerException
at mykademy.tests.MykademyTestSuite.verifyLearnerAdd(MykademyTestSuite.java:82)
at java.base/java.util.ArrayList.forEach(ArrayList.java:1541)
... Removed 31 stack frames]]>
    </failure>
  </testcase> <!-- verifyLearnerAdd -->
  <testcase classname="mykademy.tests.MykademyTestSuite" name="verifyLearnerAdd" time="1.288">
    <failure type="java.lang.NullPointerException">
      <![CDATA[java.lang.NullPointerException
at mykademy.tests.MykademyTestSuite.verifyLearnerAdd(MykademyTestSuite.java:82)
at java.base/java.util.ArrayList.forEach(ArrayList.java:1541)
... Removed 31 stack frames]]>
    </failure>
  </testcase> <!-- verifyLearnerAdd -->
  <testcase classname="mykademy.tests.MykademyTestSuite" name="OtherLearnerModuleOperations" time="3.747">
    <failure type="java.lang.NullPointerException">
      <![CDATA[java.lang.NullPointerException
at mykademy.tests.MykademyTestSuite.OtherLearnerModuleOperations(MykademyTestSuite.java:96)
at java.base/java.util.ArrayList.forEach(ArrayList.java:1541)
... Removed 31 stack frames]]>
    </failure>
  </testcase> <!-- OtherLearnerModuleOperations -->
</testsuite> <!-- smoke -->
