<?xml version="1.0" encoding="UTF-8"?>
<testng-results ignored="0" total="2" passed="2" failed="0" skipped="0">
  <reporter-output>
  </reporter-output>
  <suite started-at="2022-06-13T14:16:09 IST" name="Suite1" finished-at="2022-06-13T14:16:26 IST" duration-ms="17351">
    <groups>
      <group name="smoke">
        <method signature="MykademyTestSuite.verifySignUpPage(java.util.Map)[pri:1, instance:mykademy.tests.MykademyTestSuite@4efc180e]" name="verifySignUpPage" class="mykademy.tests.MykademyTestSuite"/>
        <method signature="MykademyTestSuite.verifyLoginCheck(java.util.Map)[pri:2, instance:mykademy.tests.MykademyTestSuite@4efc180e]" name="verifyLoginCheck" class="mykademy.tests.MykademyTestSuite"/>
      </group> <!-- smoke -->
    </groups>
    <test started-at="2022-06-13T14:16:09 IST" name="smoke" finished-at="2022-06-13T14:16:26 IST" duration-ms="17351">
      <class name="mykademy.tests.MykademyTestSuite">
        <test-method is-config="true" signature="initDriver()[pri:0, instance:mykademy.tests.MykademyTestSuite@4efc180e]" started-at="2022-06-13T14:16:09 IST" name="initDriver" finished-at="2022-06-13T14:16:13 IST" duration-ms="3883" status="PASS">
          <reporter-output>
          </reporter-output>
        </test-method> <!-- initDriver -->
        <test-method is-config="true" signature="initApp()[pri:0, instance:mykademy.tests.MykademyTestSuite@4efc180e]" started-at="2022-06-13T14:16:13 IST" name="initApp" finished-at="2022-06-13T14:16:15 IST" duration-ms="1922" status="PASS">
          <reporter-output>
          </reporter-output>
        </test-method> <!-- initApp -->
        <test-method signature="verifySignUpPage(java.util.Map)[pri:1, instance:mykademy.tests.MykademyTestSuite@4efc180e]" started-at="2022-06-13T14:16:15 IST" name="verifySignUpPage" data-provider="getData" finished-at="2022-06-13T14:16:19 IST" duration-ms="3512" status="PASS">
          <params>
            <param index="0">
              <value>
                <![CDATA[{signUpUsername=Jijo Joseph 10, signUpEmail=jijo.joseph+10@mykademy.com, signUpPhoneNumber=8888899999, signUpPassword=Password@123}]]>
              </value>
            </param>
          </params>
          <reporter-output>
          </reporter-output>
        </test-method> <!-- verifySignUpPage -->
        <test-method is-config="true" signature="initApp()[pri:0, instance:mykademy.tests.MykademyTestSuite@4efc180e]" started-at="2022-06-13T14:16:19 IST" name="initApp" finished-at="2022-06-13T14:16:20 IST" duration-ms="1689" status="PASS">
          <reporter-output>
          </reporter-output>
        </test-method> <!-- initApp -->
        <test-method signature="verifyLoginCheck(java.util.Map)[pri:2, instance:mykademy.tests.MykademyTestSuite@4efc180e]" started-at="2022-06-13T14:16:20 IST" name="verifyLoginCheck" data-provider="getData" finished-at="2022-06-13T14:16:26 IST" duration-ms="5376" status="PASS">
          <params>
            <param index="0">
              <value>
                <![CDATA[{username=thanveer.a+25@enfintechnologies.com, password=123456ab}]]>
              </value>
            </param>
          </params>
          <reporter-output>
          </reporter-output>
        </test-method> <!-- verifyLoginCheck -->
        <test-method is-config="true" signature="tearDown()[pri:0, instance:mykademy.tests.MykademyTestSuite@4efc180e]" started-at="2022-06-13T14:16:26 IST" name="tearDown" finished-at="2022-06-13T14:16:26 IST" duration-ms="834" status="PASS">
          <reporter-output>
          </reporter-output>
        </test-method> <!-- tearDown -->
      </class> <!-- mykademy.tests.MykademyTestSuite -->
    </test> <!-- smoke -->
  </suite> <!-- Suite1 -->
</testng-results>
